# JRE version: OpenJDK Runtime Environment (8.0_212-b04) (build 1.8.0_212-release-1586-b04)
# Java VM: OpenJDK 64-Bit Server VM (25.212-b04 mixed mode windows-amd64 compressed oops)
Heap:
 PSYoungGen      total 408064K, used 145348K [0x00000000e0000000, 0x00000000ff180000, 0x0000000100000000)
  eden space 335872K, 39% used [0x00000000e0000000,0x00000000e817df40,0x00000000f4800000)
  from space 72192K, 17% used [0x00000000f4800000,0x00000000f54733c8,0x00000000f8e80000)
  to   space 69632K, 0% used [0x00000000fad80000,0x00000000fad80000,0x00000000ff180000)
 ParOldGen       total 295424K, used 152663K [0x00000000a0000000, 0x00000000b2080000, 0x00000000e0000000)
  object space 295424K, 51% used [0x00000000a0000000,0x00000000a9515cf0,0x00000000b2080000)
 Metaspace       used 88493K, capacity 92700K, committed 93056K, reserved 1130496K
  class space    used 11688K, capacity 12548K, committed 12672K, reserved 1048576K
GC Heap History (10 events):
Event: 566.438 GC heap before
{Heap before GC invocations=23 (full 4):
 PSYoungGen      total 328704K, used 291630K [0x00000000e0000000, 0x00000000f9180000, 0x0000000100000000)
  eden space 267776K, 100% used [0x00000000e0000000,0x00000000f0580000,0x00000000f0580000)
  from space 60928K, 39% used [0x00000000f5600000,0x00000000f6d4bb40,0x00000000f9180000)
  to   space 71680K, 0% used [0x00000000f0580000,0x00000000f0580000,0x00000000f4b80000)
 ParOldGen       total 295424K, used 147979K [0x00000000a0000000, 0x00000000b2080000, 0x00000000e0000000)
  object space 295424K, 50% used [0x00000000a0000000,0x00000000a9082c30,0x00000000b2080000)
 Metaspace       used 86776K, capacity 90442K, committed 90752K, reserved 1128448K
  class space    used 11564K, capacity 12319K, committed 12416K, reserved 1048576K
Event: 566.601 GC heap after
Heap after GC invocations=23 (full 4):
 PSYoungGen      total 339456K, used 13817K [0x00000000e0000000, 0x00000000fb900000, 0x0000000100000000)
  eden space 267776K, 0% used [0x00000000e0000000,0x00000000e0000000,0x00000000f0580000)
  from space 71680K, 19% used [0x00000000f0580000,0x00000000f12fe420,0x00000000f4b80000)
  to   space 69632K, 0% used [0x00000000f7500000,0x00000000f7500000,0x00000000fb900000)
 ParOldGen       total 295424K, used 152631K [0x00000000a0000000, 0x00000000b2080000, 0x00000000e0000000)
  object space 295424K, 51% used [0x00000000a0000000,0x00000000a950dcf0,0x00000000b2080000)
 Metaspace       used 86776K, capacity 90442K, committed 90752K, reserved 1128448K
  class space    used 11564K, capacity 12319K, committed 12416K, reserved 1048576K
}
Event: 593.858 GC heap before
{Heap before GC invocations=24 (full 4):
 PSYoungGen      total 339456K, used 281593K [0x00000000e0000000, 0x00000000fb900000, 0x0000000100000000)
  eden space 267776K, 100% used [0x00000000e0000000,0x00000000f0580000,0x00000000f0580000)
  from space 71680K, 19% used [0x00000000f0580000,0x00000000f12fe420,0x00000000f4b80000)
  to   space 69632K, 0% used [0x00000000f7500000,0x00000000f7500000,0x00000000fb900000)
 ParOldGen       total 295424K, used 152631K [0x00000000a0000000, 0x00000000b2080000, 0x00000000e0000000)
  object space 295424K, 51% used [0x00000000a0000000,0x00000000a950dcf0,0x00000000b2080000)
 Metaspace       used 87345K, capacity 91058K, committed 91264K, reserved 1128448K
  class space    used 11615K, capacity 12415K, committed 12416K, reserved 1048576K
Event: 594.093 GC heap after
Heap after GC invocations=24 (full 4):
 PSYoungGen      total 374272K, used 58299K [0x00000000e0000000, 0x00000000fc400000, 0x0000000100000000)
  eden space 304640K, 0% used [0x00000000e0000000,0x00000000e0000000,0x00000000f2980000)
  from space 69632K, 83% used [0x00000000f7500000,0x00000000fadeec18,0x00000000fb900000)
  to   space 77312K, 0% used [0x00000000f2980000,0x00000000f2980000,0x00000000f7500000)
 ParOldGen       total 295424K, used 152639K [0x00000000a0000000, 0x00000000b2080000, 0x00000000e0000000)
  object space 295424K, 51% used [0x00000000a0000000,0x00000000a950fcf0,0x00000000b2080000)
 Metaspace       used 87345K, capacity 91058K, committed 91264K, reserved 1128448K
  class space    used 11615K, capacity 12415K, committed 12416K, reserved 1048576K
}
Event: 824.010 GC heap before
{Heap before GC invocations=25 (full 4):
 PSYoungGen      total 374272K, used 362939K [0x00000000e0000000, 0x00000000fc400000, 0x0000000100000000)
  eden space 304640K, 100% used [0x00000000e0000000,0x00000000f2980000,0x00000000f2980000)
  from space 69632K, 83% used [0x00000000f7500000,0x00000000fadeec18,0x00000000fb900000)
  to   space 77312K, 0% used [0x00000000f2980000,0x00000000f2980000,0x00000000f7500000)
 ParOldGen       total 295424K, used 152639K [0x00000000a0000000, 0x00000000b2080000, 0x00000000e0000000)
  object space 295424K, 51% used [0x00000000a0000000,0x00000000a950fcf0,0x00000000b2080000)
 Metaspace       used 87684K, capacity 91594K, committed 91904K, reserved 1128448K
  class space    used 11640K, capacity 12461K, committed 12544K, reserved 1048576K
Event: 824.083 GC heap after
Heap after GC invocations=25 (full 4):
 PSYoungGen      total 381952K, used 16010K [0x00000000e0000000, 0x00000000fe100000, 0x0000000100000000)
  eden space 304640K, 0% used [0x00000000e0000000,0x00000000e0000000,0x00000000f2980000)
  from space 77312K, 20% used [0x00000000f2980000,0x00000000f3922838,0x00000000f7500000)
  to   space 74752K, 0% used [0x00000000f9800000,0x00000000f9800000,0x00000000fe100000)
 ParOldGen       total 295424K, used 152647K [0x00000000a0000000, 0x00000000b2080000, 0x00000000e0000000)
  object space 295424K, 51% used [0x00000000a0000000,0x00000000a9511cf0,0x00000000b2080000)
 Metaspace       used 87684K, capacity 91594K, committed 91904K, reserved 1128448K
  class space    used 11640K, capacity 12461K, committed 12544K, reserved 1048576K
}
Event: 1111.190 GC heap before
{Heap before GC invocations=26 (full 4):
 PSYoungGen      total 381952K, used 320650K [0x00000000e0000000, 0x00000000fe100000, 0x0000000100000000)
  eden space 304640K, 100% used [0x00000000e0000000,0x00000000f2980000,0x00000000f2980000)
  from space 77312K, 20% used [0x00000000f2980000,0x00000000f3922838,0x00000000f7500000)
  to   space 74752K, 0% used [0x00000000f9800000,0x00000000f9800000,0x00000000fe100000)
 ParOldGen       total 295424K, used 152647K [0x00000000a0000000, 0x00000000b2080000, 0x00000000e0000000)
  object space 295424K, 51% used [0x00000000a0000000,0x00000000a9511cf0,0x00000000b2080000)
 Metaspace       used 88051K, capacity 92090K, committed 92160K, reserved 1128448K
  class space    used 11655K, capacity 12489K, committed 12544K, reserved 1048576K
Event: 1111.305 GC heap after
Heap after GC invocations=26 (full 4):
 PSYoungGen      total 398336K, used 14603K [0x00000000e0000000, 0x00000000fd500000, 0x0000000100000000)
  eden space 335872K, 0% used [0x00000000e0000000,0x00000000e0000000,0x00000000f4800000)
  from space 62464K, 23% used [0x00000000f9800000,0x00000000fa642cd0,0x00000000fd500000)
  to   space 72192K, 0% used [0x00000000f4800000,0x00000000f4800000,0x00000000f8e80000)
 ParOldGen       total 295424K, used 152655K [0x00000000a0000000, 0x00000000b2080000, 0x00000000e0000000)
  object space 295424K, 51% used [0x00000000a0000000,0x00000000a9513cf0,0x00000000b2080000)
 Metaspace       used 88051K, capacity 92090K, committed 92160K, reserved 1128448K
  class space    used 11655K, capacity 12489K, committed 12544K, reserved 1048576K
}
Event: 1117.771 GC heap before
{Heap before GC invocations=27 (full 4):
 PSYoungGen      total 398336K, used 350475K [0x00000000e0000000, 0x00000000fd500000, 0x0000000100000000)
  eden space 335872K, 100% used [0x00000000e0000000,0x00000000f4800000,0x00000000f4800000)
  from space 62464K, 23% used [0x00000000f9800000,0x00000000fa642cd0,0x00000000fd500000)
  to   space 72192K, 0% used [0x00000000f4800000,0x00000000f4800000,0x00000000f8e80000)
 ParOldGen       total 295424K, used 152655K [0x00000000a0000000, 0x00000000b2080000, 0x00000000e0000000)
  object space 295424K, 51% used [0x00000000a0000000,0x00000000a9513cf0,0x00000000b2080000)
 Metaspace       used 88088K, capacity 92090K, committed 92160K, reserved 1128448K
  class space    used 11655K, capacity 12489K, committed 12544K, reserved 1048576K
Event: 1117.834 GC heap after
Heap after GC invocations=27 (full 4):
 PSYoungGen      total 408064K, used 12748K [0x00000000e0000000, 0x00000000ff180000, 0x0000000100000000)
  eden space 335872K, 0% used [0x00000000e0000000,0x00000000e0000000,0x00000000f4800000)
  from space 72192K, 17% used [0x00000000f4800000,0x00000000f54733c8,0x00000000f8e80000)
  to   space 69632K, 0% used [0x00000000fad80000,0x00000000fad80000,0x00000000ff180000)
 ParOldGen       total 295424K, used 152663K [0x00000000a0000000, 0x00000000b2080000, 0x00000000e0000000)
  object space 295424K, 51% used [0x00000000a0000000,0x00000000a9515cf0,0x00000000b2080000)
 Metaspace       used 88088K, capacity 92090K, committed 92160K, reserved 1128448K
  class space    used 11655K, capacity 12489K, committed 12544K, reserved 1048576K
}

