# JRE version: OpenJDK Runtime Environment (8.0_212-b04) (build 1.8.0_212-release-1586-b04)
# Java VM: OpenJDK 64-Bit Server VM (25.212-b04 mixed mode windows-amd64 compressed oops)
Heap:
 PSYoungGen      total 398848K, used 169153K [0x00000000e0000000, 0x00000000ffd00000, 0x0000000100000000)
  eden space 273920K, 56% used [0x00000000e0000000,0x00000000e9689c40,0x00000000f0b80000)
  from space 124928K, 12% used [0x00000000f0b80000,0x00000000f1a269d8,0x00000000f8580000)
  to   space 122368K, 0% used [0x00000000f8580000,0x00000000f8580000,0x00000000ffd00000)
 ParOldGen       total 281600K, used 61391K [0x00000000a0000000, 0x00000000b1300000, 0x00000000e0000000)
  object space 281600K, 21% used [0x00000000a0000000,0x00000000a3bf3d28,0x00000000b1300000)
 Metaspace       used 99743K, capacity 106746K, committed 107264K, reserved 1142784K
  class space    used 12741K, capacity 13930K, committed 14080K, reserved 1048576K
GC Heap History (10 events):
Event: 22475.013 GC heap before
{Heap before GC invocations=69 (full 8):
 PSYoungGen      total 392192K, used 372976K [0x00000000e0000000, 0x0000000100000000, 0x0000000100000000)
  eden space 283648K, 100% used [0x00000000e0000000,0x00000000f1500000,0x00000000f1500000)
  from space 108544K, 82% used [0x00000000f9480000,0x00000000febbc190,0x00000000ffe80000)
  to   space 120320K, 0% used [0x00000000f1500000,0x00000000f1500000,0x00000000f8a80000)
 ParOldGen       total 281600K, used 61327K [0x00000000a0000000, 0x00000000b1300000, 0x00000000e0000000)
  object space 281600K, 21% used [0x00000000a0000000,0x00000000a3be3d28,0x00000000b1300000)
 Metaspace       used 99566K, capacity 106496K, committed 107008K, reserved 1142784K
  class space    used 12732K, capacity 13921K, committed 14080K, reserved 1048576K
Event: 22475.059 GC heap after
Heap after GC invocations=69 (full 8):
 PSYoungGen      total 403968K, used 19049K [0x00000000e0000000, 0x0000000100000000, 0x0000000100000000)
  eden space 283648K, 0% used [0x00000000e0000000,0x00000000e0000000,0x00000000f1500000)
  from space 120320K, 15% used [0x00000000f1500000,0x00000000f279a770,0x00000000f8a80000)
  to   space 116736K, 0% used [0x00000000f8e00000,0x00000000f8e00000,0x0000000100000000)
 ParOldGen       total 281600K, used 61367K [0x00000000a0000000, 0x00000000b1300000, 0x00000000e0000000)
  object space 281600K, 21% used [0x00000000a0000000,0x00000000a3bedd28,0x00000000b1300000)
 Metaspace       used 99566K, capacity 106496K, committed 107008K, reserved 1142784K
  class space    used 12732K, capacity 13921K, committed 14080K, reserved 1048576K
}
Event: 22497.396 GC heap before
{Heap before GC invocations=70 (full 8):
 PSYoungGen      total 403968K, used 302697K [0x00000000e0000000, 0x0000000100000000, 0x0000000100000000)
  eden space 283648K, 100% used [0x00000000e0000000,0x00000000f1500000,0x00000000f1500000)
  from space 120320K, 15% used [0x00000000f1500000,0x00000000f279a770,0x00000000f8a80000)
  to   space 116736K, 0% used [0x00000000f8e00000,0x00000000f8e00000,0x0000000100000000)
 ParOldGen       total 281600K, used 61367K [0x00000000a0000000, 0x00000000b1300000, 0x00000000e0000000)
  object space 281600K, 21% used [0x00000000a0000000,0x00000000a3bedd28,0x00000000b1300000)
 Metaspace       used 99638K, capacity 106672K, committed 107264K, reserved 1142784K
  class space    used 12737K, capacity 13929K, committed 14080K, reserved 1048576K
Event: 22497.712 GC heap after
Heap after GC invocations=70 (full 8):
 PSYoungGen      total 387072K, used 88109K [0x00000000e0000000, 0x0000000100000000, 0x0000000100000000)
  eden space 270336K, 0% used [0x00000000e0000000,0x00000000e0000000,0x00000000f0800000)
  from space 116736K, 75% used [0x00000000f8e00000,0x00000000fe40b598,0x0000000100000000)
  to   space 126976K, 0% used [0x00000000f0800000,0x00000000f0800000,0x00000000f8400000)
 ParOldGen       total 281600K, used 61375K [0x00000000a0000000, 0x00000000b1300000, 0x00000000e0000000)
  object space 281600K, 21% used [0x00000000a0000000,0x00000000a3befd28,0x00000000b1300000)
 Metaspace       used 99638K, capacity 106672K, committed 107264K, reserved 1142784K
  class space    used 12737K, capacity 13929K, committed 14080K, reserved 1048576K
}
Event: 22591.335 GC heap before
{Heap before GC invocations=71 (full 8):
 PSYoungGen      total 387072K, used 358445K [0x00000000e0000000, 0x0000000100000000, 0x0000000100000000)
  eden space 270336K, 100% used [0x00000000e0000000,0x00000000f0800000,0x00000000f0800000)
  from space 116736K, 75% used [0x00000000f8e00000,0x00000000fe40b598,0x0000000100000000)
  to   space 126976K, 0% used [0x00000000f0800000,0x00000000f0800000,0x00000000f8400000)
 ParOldGen       total 281600K, used 61375K [0x00000000a0000000, 0x00000000b1300000, 0x00000000e0000000)
  object space 281600K, 21% used [0x00000000a0000000,0x00000000a3befd28,0x00000000b1300000)
 Metaspace       used 99667K, capacity 106672K, committed 107264K, reserved 1142784K
  class space    used 12737K, capacity 13929K, committed 14080K, reserved 1048576K
Event: 22591.367 GC heap after
Heap after GC invocations=71 (full 8):
 PSYoungGen      total 397312K, used 17930K [0x00000000e0000000, 0x0000000100000000, 0x0000000100000000)
  eden space 270336K, 0% used [0x00000000e0000000,0x00000000e0000000,0x00000000f0800000)
  from space 126976K, 14% used [0x00000000f0800000,0x00000000f1982868,0x00000000f8400000)
  to   space 123392K, 0% used [0x00000000f8780000,0x00000000f8780000,0x0000000100000000)
 ParOldGen       total 281600K, used 61383K [0x00000000a0000000, 0x00000000b1300000, 0x00000000e0000000)
  object space 281600K, 21% used [0x00000000a0000000,0x00000000a3bf1d28,0x00000000b1300000)
 Metaspace       used 99667K, capacity 106672K, committed 107264K, reserved 1142784K
  class space    used 12737K, capacity 13929K, committed 14080K, reserved 1048576K
}
Event: 22603.253 GC heap before
{Heap before GC invocations=72 (full 8):
 PSYoungGen      total 397312K, used 288266K [0x00000000e0000000, 0x0000000100000000, 0x0000000100000000)
  eden space 270336K, 100% used [0x00000000e0000000,0x00000000f0800000,0x00000000f0800000)
  from space 126976K, 14% used [0x00000000f0800000,0x00000000f1982868,0x00000000f8400000)
  to   space 123392K, 0% used [0x00000000f8780000,0x00000000f8780000,0x0000000100000000)
 ParOldGen       total 281600K, used 61383K [0x00000000a0000000, 0x00000000b1300000, 0x00000000e0000000)
  object space 281600K, 21% used [0x00000000a0000000,0x00000000a3bf1d28,0x00000000b1300000)
 Metaspace       used 99685K, capacity 106676K, committed 107264K, reserved 1142784K
  class space    used 12737K, capacity 13929K, committed 14080K, reserved 1048576K
Event: 22603.638 GC heap after
Heap after GC invocations=72 (full 8):
 PSYoungGen      total 396800K, used 69138K [0x00000000e0000000, 0x00000000fff80000, 0x0000000100000000)
  eden space 273920K, 0% used [0x00000000e0000000,0x00000000e0000000,0x00000000f0b80000)
  from space 122880K, 56% used [0x00000000f8780000,0x00000000fcb04ba0,0x00000000fff80000)
  to   space 124928K, 0% used [0x00000000f0b80000,0x00000000f0b80000,0x00000000f8580000)
 ParOldGen       total 281600K, used 61383K [0x00000000a0000000, 0x00000000b1300000, 0x00000000e0000000)
  object space 281600K, 21% used [0x00000000a0000000,0x00000000a3bf1d28,0x00000000b1300000)
 Metaspace       used 99685K, capacity 106676K, committed 107264K, reserved 1142784K
  class space    used 12737K, capacity 13929K, committed 14080K, reserved 1048576K
}
Event: 23763.952 GC heap before
{Heap before GC invocations=73 (full 8):
 PSYoungGen      total 396800K, used 343058K [0x00000000e0000000, 0x00000000fff80000, 0x0000000100000000)
  eden space 273920K, 100% used [0x00000000e0000000,0x00000000f0b80000,0x00000000f0b80000)
  from space 122880K, 56% used [0x00000000f8780000,0x00000000fcb04ba0,0x00000000fff80000)
  to   space 124928K, 0% used [0x00000000f0b80000,0x00000000f0b80000,0x00000000f8580000)
 ParOldGen       total 281600K, used 61383K [0x00000000a0000000, 0x00000000b1300000, 0x00000000e0000000)
  object space 281600K, 21% used [0x00000000a0000000,0x00000000a3bf1d28,0x00000000b1300000)
 Metaspace       used 99699K, capacity 106682K, committed 107264K, reserved 1142784K
  class space    used 12738K, capacity 13930K, committed 14080K, reserved 1048576K
Event: 23764.047 GC heap after
Heap after GC invocations=73 (full 8):
 PSYoungGen      total 398848K, used 15002K [0x00000000e0000000, 0x00000000ffd00000, 0x0000000100000000)
  eden space 273920K, 0% used [0x00000000e0000000,0x00000000e0000000,0x00000000f0b80000)
  from space 124928K, 12% used [0x00000000f0b80000,0x00000000f1a269d8,0x00000000f8580000)
  to   space 122368K, 0% used [0x00000000f8580000,0x00000000f8580000,0x00000000ffd00000)
 ParOldGen       total 281600K, used 61391K [0x00000000a0000000, 0x00000000b1300000, 0x00000000e0000000)
  object space 281600K, 21% used [0x00000000a0000000,0x00000000a3bf3d28,0x00000000b1300000)
 Metaspace       used 99699K, capacity 106682K, committed 107264K, reserved 1142784K
  class space    used 12738K, capacity 13930K, committed 14080K, reserved 1048576K
}

